<?xml version="1.0" encoding="UTF-8"?>
<testng-results ignored="0" total="3" passed="2" failed="1" skipped="0">
  <reporter-output>
  </reporter-output>
  <suite started-at="2023-11-21T11:21:24 IST" name="Default suite" finished-at="2023-11-21T11:22:27 IST" duration-ms="62830">
    <groups>
    </groups>
    <test started-at="2023-11-21T11:21:24 IST" name="Default test" finished-at="2023-11-21T11:22:27 IST" duration-ms="62830">
      <class name="Automation.testCasesFolder1.orderPageTestCase">
        <test-method is-config="true" signature="beforeTestcase()[pri:0, instance:Automation.testCasesFolder1.orderPageTestCase@ea6147e]" started-at="2023-11-21T11:21:24 IST" name="beforeTestcase" finished-at="2023-11-21T11:21:41 IST" duration-ms="17230" status="PASS">
          <reporter-output>
          </reporter-output>
        </test-method> <!-- beforeTestcase -->
        <test-method signature="itemsViewPage()[pri:0, instance:Automation.testCasesFolder1.orderPageTestCase@ea6147e]" started-at="2023-11-21T11:21:41 IST" name="itemsViewPage" finished-at="2023-11-21T11:21:49 IST" duration-ms="7544" status="PASS">
          <reporter-output>
          </reporter-output>
        </test-method> <!-- itemsViewPage -->
        <test-method is-config="true" signature="tearDown()[pri:0, instance:Automation.testCasesFolder1.orderPageTestCase@ea6147e]" started-at="2023-11-21T11:21:49 IST" name="tearDown" finished-at="2023-11-21T11:21:50 IST" duration-ms="1107" status="PASS">
          <reporter-output>
          </reporter-output>
        </test-method> <!-- tearDown -->
        <test-method is-config="true" signature="beforeTestcase()[pri:0, instance:Automation.testCasesFolder1.orderPageTestCase@ea6147e]" started-at="2023-11-21T11:21:50 IST" name="beforeTestcase" finished-at="2023-11-21T11:21:59 IST" duration-ms="8926" status="PASS">
          <reporter-output>
          </reporter-output>
        </test-method> <!-- beforeTestcase -->
        <test-method signature="orderItem()[pri:0, instance:Automation.testCasesFolder1.orderPageTestCase@ea6147e]" started-at="2023-11-21T11:21:59 IST" name="orderItem" finished-at="2023-11-21T11:22:14 IST" duration-ms="15447" status="FAIL">
          <exception class="org.openqa.selenium.ElementClickInterceptedException">
            <message>
              <![CDATA[element click intercepted: Element is not clickable at point (942, 645)
  (Session info: chrome=109.0.5414.120)
Build info: version: '4.8.3', revision: 'e5e76298c3'
System info: os.name: 'Windows 7', os.arch: 'amd64', os.version: '6.1', java.version: '16.0.2'
Driver info: org.openqa.selenium.chrome.ChromeDriver
Command: [03380f6def192afbf764f0639d51df7a, clickElement {id=6d85206d-b9fb-4c4c-b8b4-3e9e2b6840c6}]
Capabilities {acceptInsecureCerts: false, browserName: chrome, browserVersion: 109.0.5414.120, chrome: {chromedriverVersion: 108.0.5359.71 (1e0e3868ee06..., userDataDir: C:\Users\Bapu\AppData\Local...}, goog:chromeOptions: {debuggerAddress: localhost:55445}, networkConnectionEnabled: false, pageLoadStrategy: normal, platformName: WINDOWS, proxy: Proxy(), se:cdp: ws://localhost:55445/devtoo..., se:cdpVersion: 109.0.5414.120, setWindowRect: true, strictFileInteractability: false, timeouts: {implicit: 0, pageLoad: 300000, script: 30000}, unhandledPromptBehavior: dismiss and notify, webauthn:extension:credBlob: true, webauthn:extension:largeBlob: true, webauthn:virtualAuthenticators: true}
Element: [[ChromeDriver: chrome on WINDOWS (03380f6def192afbf764f0639d51df7a)] -> xpath: //a[contains(@class,'btnn action__submit ng-star-inserted')]]
Session ID: 03380f6def192afbf764f0639d51df7a]]>
            </message>
            <full-stacktrace>
              <![CDATA[org.openqa.selenium.ElementClickInterceptedException: element click intercepted: Element is not clickable at point (942, 645)
  (Session info: chrome=109.0.5414.120)
Build info: version: '4.8.3', revision: 'e5e76298c3'
System info: os.name: 'Windows 7', os.arch: 'amd64', os.version: '6.1', java.version: '16.0.2'
Driver info: org.openqa.selenium.chrome.ChromeDriver
Command: [03380f6def192afbf764f0639d51df7a, clickElement {id=6d85206d-b9fb-4c4c-b8b4-3e9e2b6840c6}]
Capabilities {acceptInsecureCerts: false, browserName: chrome, browserVersion: 109.0.5414.120, chrome: {chromedriverVersion: 108.0.5359.71 (1e0e3868ee06..., userDataDir: C:\Users\Bapu\AppData\Local...}, goog:chromeOptions: {debuggerAddress: localhost:55445}, networkConnectionEnabled: false, pageLoadStrategy: normal, platformName: WINDOWS, proxy: Proxy(), se:cdp: ws://localhost:55445/devtoo..., se:cdpVersion: 109.0.5414.120, setWindowRect: true, strictFileInteractability: false, timeouts: {implicit: 0, pageLoad: 300000, script: 30000}, unhandledPromptBehavior: dismiss and notify, webauthn:extension:credBlob: true, webauthn:extension:largeBlob: true, webauthn:virtualAuthenticators: true}
Element: [[ChromeDriver: chrome on WINDOWS (03380f6def192afbf764f0639d51df7a)] -> xpath: //a[contains(@class,'btnn action__submit ng-star-inserted')]]
Session ID: 03380f6def192afbf764f0639d51df7a
at java.base/jdk.internal.reflect.NativeConstructorAccessorImpl.newInstance0(Native Method)
at java.base/jdk.internal.reflect.NativeConstructorAccessorImpl.newInstance(NativeConstructorAccessorImpl.java:78)
at java.base/jdk.internal.reflect.DelegatingConstructorAccessorImpl.newInstance(DelegatingConstructorAccessorImpl.java:45)
at java.base/java.lang.reflect.Constructor.newInstanceWithCaller(Constructor.java:499)
at java.base/java.lang.reflect.Constructor.newInstance(Constructor.java:480)
at org.openqa.selenium.remote.codec.w3c.W3CHttpResponseCodec.createException(W3CHttpResponseCodec.java:200)
at org.openqa.selenium.remote.codec.w3c.W3CHttpResponseCodec.decode(W3CHttpResponseCodec.java:133)
at org.openqa.selenium.remote.codec.w3c.W3CHttpResponseCodec.decode(W3CHttpResponseCodec.java:53)
at org.openqa.selenium.remote.HttpCommandExecutor.execute(HttpCommandExecutor.java:193)
at org.openqa.selenium.remote.service.DriverCommandExecutor.invokeExecute(DriverCommandExecutor.java:183)
at org.openqa.selenium.remote.service.DriverCommandExecutor.execute(DriverCommandExecutor.java:158)
at org.openqa.selenium.remote.RemoteWebDriver.execute(RemoteWebDriver.java:543)
at org.openqa.selenium.remote.RemoteWebElement.execute(RemoteWebElement.java:257)
at org.openqa.selenium.remote.RemoteWebElement.click(RemoteWebElement.java:78)
at java.base/jdk.internal.reflect.NativeMethodAccessorImpl.invoke0(Native Method)
at java.base/jdk.internal.reflect.NativeMethodAccessorImpl.invoke(NativeMethodAccessorImpl.java:78)
at java.base/jdk.internal.reflect.DelegatingMethodAccessorImpl.invoke(DelegatingMethodAccessorImpl.java:43)
at java.base/java.lang.reflect.Method.invoke(Method.java:567)
at org.openqa.selenium.support.pagefactory.internal.LocatingElementHandler.invoke(LocatingElementHandler.java:52)
at jdk.proxy2/jdk.proxy2.$Proxy16.click(Unknown Source)
at Automation.pageActionsFolder1.orderPageAction.placeAnOrder(orderPageAction.java:98)
at Automation.testCasesFolder1.orderPageTestCase.orderItem(orderPageTestCase.java:83)
at java.base/jdk.internal.reflect.NativeMethodAccessorImpl.invoke0(Native Method)
at java.base/jdk.internal.reflect.NativeMethodAccessorImpl.invoke(NativeMethodAccessorImpl.java:78)
at java.base/jdk.internal.reflect.DelegatingMethodAccessorImpl.invoke(DelegatingMethodAccessorImpl.java:43)
at java.base/java.lang.reflect.Method.invoke(Method.java:567)
at org.testng.internal.MethodInvocationHelper.invokeMethod(MethodInvocationHelper.java:133)
at org.testng.internal.TestInvoker.invokeMethod(TestInvoker.java:598)
at org.testng.internal.TestInvoker.invokeTestMethod(TestInvoker.java:173)
at org.testng.internal.MethodRunner.runInSequence(MethodRunner.java:46)
at org.testng.internal.TestInvoker$MethodInvocationAgent.invoke(TestInvoker.java:824)
at org.testng.internal.TestInvoker.invokeTestMethods(TestInvoker.java:146)
at org.testng.internal.TestMethodWorker.invokeTestMethods(TestMethodWorker.java:146)
at org.testng.internal.TestMethodWorker.run(TestMethodWorker.java:128)
at java.base/java.util.ArrayList.forEach(ArrayList.java:1511)
at org.testng.TestRunner.privateRun(TestRunner.java:794)
at org.testng.TestRunner.run(TestRunner.java:596)
at org.testng.SuiteRunner.runTest(SuiteRunner.java:377)
at org.testng.SuiteRunner.runSequentially(SuiteRunner.java:371)
at org.testng.SuiteRunner.privateRun(SuiteRunner.java:332)
at org.testng.SuiteRunner.run(SuiteRunner.java:276)
at org.testng.SuiteRunnerWorker.runSuite(SuiteRunnerWorker.java:53)
at org.testng.SuiteRunnerWorker.run(SuiteRunnerWorker.java:96)
at org.testng.TestNG.runSuitesSequentially(TestNG.java:1212)
at org.testng.TestNG.runSuitesLocally(TestNG.java:1134)
at org.testng.TestNG.runSuites(TestNG.java:1063)
at org.testng.TestNG.run(TestNG.java:1031)
at org.testng.remote.AbstractRemoteTestNG.run(AbstractRemoteTestNG.java:115)
at org.testng.remote.RemoteTestNG.initAndRun(RemoteTestNG.java:251)
at org.testng.remote.RemoteTestNG.main(RemoteTestNG.java:77)
]]>
            </full-stacktrace>
          </exception> <!-- org.openqa.selenium.ElementClickInterceptedException -->
          <reporter-output>
          </reporter-output>
        </test-method> <!-- orderItem -->
        <test-method is-config="true" signature="tearDown()[pri:0, instance:Automation.testCasesFolder1.orderPageTestCase@ea6147e]" started-at="2023-11-21T11:22:14 IST" name="tearDown" finished-at="2023-11-21T11:22:16 IST" duration-ms="1255" status="PASS">
          <reporter-output>
          </reporter-output>
        </test-method> <!-- tearDown -->
        <test-method is-config="true" signature="beforeTestcase()[pri:0, instance:Automation.testCasesFolder1.orderPageTestCase@ea6147e]" started-at="2023-11-21T11:22:16 IST" name="beforeTestcase" finished-at="2023-11-21T11:22:25 IST" duration-ms="8994" status="PASS">
          <reporter-output>
          </reporter-output>
        </test-method> <!-- beforeTestcase -->
        <test-method signature="tableDataPrint()[pri:0, instance:Automation.testCasesFolder1.orderPageTestCase@ea6147e]" started-at="2023-11-21T11:22:25 IST" name="tableDataPrint" finished-at="2023-11-21T11:22:26 IST" duration-ms="1330" status="PASS">
          <reporter-output>
          </reporter-output>
        </test-method> <!-- tableDataPrint -->
        <test-method is-config="true" signature="tearDown()[pri:0, instance:Automation.testCasesFolder1.orderPageTestCase@ea6147e]" started-at="2023-11-21T11:22:26 IST" name="tearDown" finished-at="2023-11-21T11:22:27 IST" duration-ms="861" status="PASS">
          <reporter-output>
          </reporter-output>
        </test-method> <!-- tearDown -->
      </class> <!-- Automation.testCasesFolder1.orderPageTestCase -->
    </test> <!-- Default test -->
  </suite> <!-- Default suite -->
</testng-results>
